<?xml version="1.0" encoding="UTF-8" ?>
<testsuite failures="0" time="35.346" errors="0" skipped="0" tests="4" name="InjectedTest">
  <properties>
    <property name="java.runtime.name" value="Java(TM) SE Runtime Environment"/>
    <property name="sun.boot.library.path" value="c:\Program Files\Java\jdk1.7.0_21\jre\bin"/>
    <property name="java.vm.version" value="23.21-b01"/>
    <property name="java.vm.vendor" value="Oracle Corporation"/>
    <property name="java.vendor.url" value="http://java.oracle.com/"/>
    <property name="path.separator" value=";"/>
    <property name="guice.disable.misplaced.annotation.check" value="true"/>
    <property name="java.vm.name" value="Java HotSpot(TM) 64-Bit Server VM"/>
    <property name="file.encoding.pkg" value="sun.io"/>
    <property name="user.script" value=""/>
    <property name="user.country" value="FR"/>
    <property name="sun.java.launcher" value="SUN_STANDARD"/>
    <property name="sun.os.patch.level" value="Service Pack 1"/>
    <property name="java.vm.specification.name" value="Java Virtual Machine Specification"/>
    <property name="user.dir" value="c:\Users\fabrice\Documents\github\BrowserScreen"/>
    <property name="java.runtime.version" value="1.7.0_21-b11"/>
    <property name="java.awt.graphicsenv" value="sun.awt.Win32GraphicsEnvironment"/>
    <property name="java.endorsed.dirs" value="c:\Program Files\Java\jdk1.7.0_21\jre\lib\endorsed"/>
    <property name="os.arch" value="amd64"/>
    <property name="java.io.tmpdir" value="C:\Users\fabrice\AppData\Local\Temp\"/>
    <property name="line.separator" value="
"/>
    <property name="java.vm.specification.vendor" value="Oracle Corporation"/>
    <property name="user.variant" value=""/>
    <property name="os.name" value="Windows 7"/>
    <property name="classworlds.conf" value="c:/Users/fabrice/Documents/github/_old/apache-maven-3.0.5/bin/m2.conf"/>
    <property name="sun.jnu.encoding" value="Cp1252"/>
    <property name="java.library.path" value="c:\Program Files\Java\jdk1.7.0_21\bin;C:\Windows\Sun\Java\bin;C:\Windows\system32;C:\Windows;c:\Users\fabrice\bin;.;C:\Program Files (x86)\Git\local\bin;C:\Program Files (x86)\Git\mingw\bin;C:\Program Files (x86)\Git\bin;c:\Program Files\Common Files\Microsoft Shared\Windows Live;c:\Program Files (x86)\Common Files\Microsoft Shared\Windows Live;c:\Windows\system32;c:\Windows;c:\Windows\System32\Wbem;c:\Windows\System32\WindowsPowerShell\v1.0\;c:\Program Files (x86)\Windows Live\Shared;c:\Program Files (x86)\Common Files\Roxio Shared\DLLShared\;c:\Program Files (x86)\Common Files\Roxio Shared\OEM\DLLShared\;c:\Program Files (x86)\Common Files\Roxio Shared\OEM\DLLShared\;c:\Program Files (x86)\Common Files\Roxio Shared\OEM\12.0\DLLShared\;c:\Program Files (x86)\Roxio\OEM\AudioCore\;c:\Program Files\TortoiseGit\bin;c:\Program Files\Oracle\VirtualBox;c:\devkit;C:\Program Files (x86)\Git\cmd;c:\Program Files (x86)\Bitvise SSH Client;c:\Ruby193\bin;c:\Users\fabrice\Documents\github\overblogtest\driver;c:\Users\fabrice\Documents\github\overblogtest\driver\apache-ant-1.8.4\bin;c:\Users\fabrice\Documents\github\_old\apache-maven-3.0.5\bin;c:\Program Files\Java\jdk1.7.0_21;."/>
    <property name="java.specification.name" value="Java Platform API Specification"/>
    <property name="java.class.version" value="51.0"/>
    <property name="sun.management.compiler" value="HotSpot 64-Bit Tiered Compilers"/>
    <property name="os.version" value="6.1"/>
    <property name="user.home" value="C:\Users\fabrice"/>
    <property name="user.timezone" value="Europe/Paris"/>
    <property name="java.awt.printerjob" value="sun.awt.windows.WPrinterJob"/>
    <property name="java.specification.version" value="1.7"/>
    <property name="file.encoding" value="Cp1252"/>
    <property name="user.name" value="fabrice"/>
    <property name="java.class.path" value="c:/Users/fabrice/Documents/github/_old/apache-maven-3.0.5/boot/plexus-classworlds-2.4.jar"/>
    <property name="java.vm.specification.version" value="1.7"/>
    <property name="sun.arch.data.model" value="64"/>
    <property name="java.home" value="c:\Program Files\Java\jdk1.7.0_21\jre"/>
    <property name="sun.java.command" value="org.codehaus.plexus.classworlds.launcher.Launcher package"/>
    <property name="java.specification.vendor" value="Oracle Corporation"/>
    <property name="user.language" value="fr"/>
    <property name="awt.toolkit" value="sun.awt.windows.WToolkit"/>
    <property name="java.vm.info" value="mixed mode"/>
    <property name="java.version" value="1.7.0_21"/>
    <property name="java.ext.dirs" value="c:\Program Files\Java\jdk1.7.0_21\jre\lib\ext;C:\Windows\Sun\Java\lib\ext"/>
    <property name="sun.boot.class.path" value="c:\Program Files\Java\jdk1.7.0_21\jre\lib\resources.jar;c:\Program Files\Java\jdk1.7.0_21\jre\lib\rt.jar;c:\Program Files\Java\jdk1.7.0_21\jre\lib\sunrsasign.jar;c:\Program Files\Java\jdk1.7.0_21\jre\lib\jsse.jar;c:\Program Files\Java\jdk1.7.0_21\jre\lib\jce.jar;c:\Program Files\Java\jdk1.7.0_21\jre\lib\charsets.jar;c:\Program Files\Java\jdk1.7.0_21\jre\lib\jfr.jar;c:\Program Files\Java\jdk1.7.0_21\jre\classes"/>
    <property name="java.vendor" value="Oracle Corporation"/>
    <property name="maven.home" value="c:\Users\fabrice\Documents\github\_old\apache-maven-3.0.5"/>
    <property name="file.separator" value="\"/>
    <property name="java.vendor.url.bug" value="http://bugreport.sun.com/bugreport/"/>
    <property name="sun.cpu.endian" value="little"/>
    <property name="sun.io.unicode.encoding" value="UnicodeLittle"/>
    <property name="sun.desktop" value="windows"/>
    <property name="sun.cpu.isalist" value="amd64"/>
  </properties>
  <testcase time="0.198" classname="org.jvnet.hudson.test.JellyTestSuiteBuilder$JellyCheck" name="jenkins\\plugins\\browserScreen\\BrowserScreenView\\configure-entries.jelly"/>
  <testcase time="0.006" classname="org.jvnet.hudson.test.JellyTestSuiteBuilder$JellyCheck" name="jenkins\\plugins\\browserScreen\\BrowserScreenView\\index.jelly"/>
  <testcase time="0" classname="org.jvnet.hudson.test.junit.FailedTest" name="org.jvnet.hudson.test.JellyTestSuiteBuilder$JellyTestSuite"/>
  <testcase time="9.931" classname="org.jvnet.hudson.test.PluginAutomaticTestBuilder$CliSanityTest" name="testCliSanity"/>
</testsuite>